<?xml version="1.0" encoding="UTF-8"?>
<testsuite xmlns:xsi="http://www.w3.org/2001/XMLSchema-instance" xsi:noNamespaceSchemaLocation="https://maven.apache.org/surefire/maven-surefire-plugin/xsd/surefire-test-report-3.0.xsd" version="3.0" name="br.usp.each.ericksonlbs.imc.IMCTest" time="0.059" tests="6" errors="0" skipped="0" failures="0">
  <properties>
[...]
</properties>
  <testcase name="test1" classname="br.usp.each.ericksonlbs.imc.IMCTest" time="0.003"/>
  <testcase name="test2" classname="br.usp.each.ericksonlbs.imc.IMCTest" time="0.0"/>
  <testcase name="test3" classname="br.usp.each.ericksonlbs.imc.IMCTest" time="0.0"/>
  <testcase name="test4" classname="br.usp.each.ericksonlbs.imc.IMCTest" time="0.0"/>
  <testcase name="test5" classname="br.usp.each.ericksonlbs.imc.IMCTest" time="0.001"/>
  <testcase name="test6" classname="br.usp.each.ericksonlbs.imc.IMCTest" time="0.0"/>
</testsuite>